This file contains any messages produced by compilers while
running configure, to aid debugging if configure makes a mistake.

It was created by testABEFHE configure 1.0, which was
generated by GNU Autoconf 2.69.  Invocation command line was

  $ ./configure 

## --------- ##
## Platform. ##
## --------- ##

hostname = cainiao-virtual-machine
uname -m = i686
uname -r = 3.13.0-49-generic
uname -s = Linux
uname -v = #83-Ubuntu SMP Fri Apr 10 20:14:51 UTC 2015

/usr/bin/uname -p = unknown
/bin/uname -X     = unknown

/bin/arch              = unknown
/usr/bin/arch -k       = unknown
/usr/convex/getsysinfo = unknown
/usr/bin/hostinfo      = unknown
/bin/machine           = unknown
/usr/bin/oslevel       = unknown
/bin/universe          = unknown

PATH: /usr/clang_3_6/bin
PATH: /usr/clang_3_6/bin
PATH: /usr/local/sbin
PATH: /usr/local/bin
PATH: /usr/sbin
PATH: /usr/bin
PATH: /sbin
PATH: /bin
PATH: /usr/games
PATH: /usr/local/games


## ----------- ##
## Core tests. ##
## ----------- ##

configure:2358: checking for a BSD-compatible install
configure:2426: result: /usr/bin/install -c
configure:2437: checking whether build environment is sane
configure:2492: result: yes
configure:2643: checking for a thread-safe mkdir -p
configure:2682: result: /bin/mkdir -p
configure:2689: checking for gawk
configure:2719: result: no
configure:2689: checking for mawk
configure:2705: found /usr/bin/mawk
configure:2716: result: mawk
configure:2727: checking whether make sets $(MAKE)
configure:2749: result: yes
configure:2778: checking whether make supports nested variables
configure:2795: result: yes
configure:2981: checking for g++
configure:2997: found /usr/bin/g++
configure:3008: result: g++
configure:3035: checking for C++ compiler version
configure:3044: g++ --version >&5
g++ (Ubuntu 4.8.2-19ubuntu1) 4.8.2
Copyright (C) 2013 Free Software Foundation, Inc.
This is free software; see the source for copying conditions.  There is NO
warranty; not even for MERCHANTABILITY or FITNESS FOR A PARTICULAR PURPOSE.

configure:3055: $? = 0
configure:3044: g++ -v >&5
Using built-in specs.
COLLECT_GCC=g++
COLLECT_LTO_WRAPPER=/usr/lib/gcc/i686-linux-gnu/4.8/lto-wrapper
Target: i686-linux-gnu
Configured with: ../src/configure -v --with-pkgversion='Ubuntu 4.8.2-19ubuntu1' --with-bugurl=file:///usr/share/doc/gcc-4.8/README.Bugs --enable-languages=c,c++,java,go,d,fortran,objc,obj-c++ --prefix=/usr --program-suffix=-4.8 --enable-shared --enable-linker-build-id --libexecdir=/usr/lib --without-included-gettext --enable-threads=posix --with-gxx-include-dir=/usr/include/c++/4.8 --libdir=/usr/lib --enable-nls --with-sysroot=/ --enable-clocale=gnu --enable-libstdcxx-debug --enable-libstdcxx-time=yes --enable-gnu-unique-object --disable-libmudflap --enable-plugin --with-system-zlib --disable-browser-plugin --enable-java-awt=gtk --enable-gtk-cairo --with-java-home=/usr/lib/jvm/java-1.5.0-gcj-4.8-i386/jre --enable-java-home --with-jvm-root-dir=/usr/lib/jvm/java-1.5.0-gcj-4.8-i386 --with-jvm-jar-dir=/usr/lib/jvm-exports/java-1.5.0-gcj-4.8-i386 --with-arch-directory=i386 --with-ecj-jar=/usr/share/java/eclipse-ecj.jar --enable-objc-gc --enable-targets=all --enable-multiarch --disable-werror --with-arch-32=i686 --with-multilib-list=m32,m64,mx32 --with-tune=generic --enable-checking=release --build=i686-linux-gnu --host=i686-linux-gnu --target=i686-linux-gnu
Thread model: posix
gcc version 4.8.2 (Ubuntu 4.8.2-19ubuntu1) 
configure:3055: $? = 0
configure:3044: g++ -V >&5
g++: error: unrecognized command line option '-V'
g++: fatal error: no input files
compilation terminated.
configure:3055: $? = 4
configure:3044: g++ -qversion >&5
g++: error: unrecognized command line option '-qversion'
g++: fatal error: no input files
compilation terminated.
configure:3055: $? = 4
configure:3075: checking whether the C++ compiler works
configure:3097: g++    conftest.cpp  >&5
configure:3101: $? = 0
configure:3149: result: yes
configure:3152: checking for C++ compiler default output file name
configure:3154: result: a.out
configure:3160: checking for suffix of executables
configure:3167: g++ -o conftest    conftest.cpp  >&5
configure:3171: $? = 0
configure:3193: result: 
configure:3215: checking whether we are cross compiling
configure:3223: g++ -o conftest    conftest.cpp  >&5
configure:3227: $? = 0
configure:3234: ./conftest
configure:3238: $? = 0
configure:3253: result: no
configure:3258: checking for suffix of object files
configure:3280: g++ -c   conftest.cpp >&5
configure:3284: $? = 0
configure:3305: result: o
configure:3309: checking whether we are using the GNU C++ compiler
configure:3328: g++ -c   conftest.cpp >&5
configure:3328: $? = 0
configure:3337: result: yes
configure:3346: checking whether g++ accepts -g
configure:3366: g++ -c -g  conftest.cpp >&5
configure:3366: $? = 0
configure:3407: result: yes
configure:3441: checking for style of include used by make
configure:3469: result: GNU
configure:3495: checking dependency style of g++
configure:3606: result: gcc3
configure:3669: checking for gcc
configure:3685: found /usr/bin/gcc
configure:3696: result: gcc
configure:3925: checking for C compiler version
configure:3934: gcc --version >&5
gcc (Ubuntu 4.8.2-19ubuntu1) 4.8.2
Copyright (C) 2013 Free Software Foundation, Inc.
This is free software; see the source for copying conditions.  There is NO
warranty; not even for MERCHANTABILITY or FITNESS FOR A PARTICULAR PURPOSE.

configure:3945: $? = 0
configure:3934: gcc -v >&5
Using built-in specs.
COLLECT_GCC=gcc
COLLECT_LTO_WRAPPER=/usr/lib/gcc/i686-linux-gnu/4.8/lto-wrapper
Target: i686-linux-gnu
Configured with: ../src/configure -v --with-pkgversion='Ubuntu 4.8.2-19ubuntu1' --with-bugurl=file:///usr/share/doc/gcc-4.8/README.Bugs --enable-languages=c,c++,java,go,d,fortran,objc,obj-c++ --prefix=/usr --program-suffix=-4.8 --enable-shared --enable-linker-build-id --libexecdir=/usr/lib --without-included-gettext --enable-threads=posix --with-gxx-include-dir=/usr/include/c++/4.8 --libdir=/usr/lib --enable-nls --with-sysroot=/ --enable-clocale=gnu --enable-libstdcxx-debug --enable-libstdcxx-time=yes --enable-gnu-unique-object --disable-libmudflap --enable-plugin --with-system-zlib --disable-browser-plugin --enable-java-awt=gtk --enable-gtk-cairo --with-java-home=/usr/lib/jvm/java-1.5.0-gcj-4.8-i386/jre --enable-java-home --with-jvm-root-dir=/usr/lib/jvm/java-1.5.0-gcj-4.8-i386 --with-jvm-jar-dir=/usr/lib/jvm-exports/java-1.5.0-gcj-4.8-i386 --with-arch-directory=i386 --with-ecj-jar=/usr/share/java/eclipse-ecj.jar --enable-objc-gc --enable-targets=all --enable-multiarch --disable-werror --with-arch-32=i686 --with-multilib-list=m32,m64,mx32 --with-tune=generic --enable-checking=release --build=i686-linux-gnu --host=i686-linux-gnu --target=i686-linux-gnu
Thread model: posix
gcc version 4.8.2 (Ubuntu 4.8.2-19ubuntu1) 
configure:3945: $? = 0
configure:3934: gcc -V >&5
gcc: error: unrecognized command line option '-V'
gcc: fatal error: no input files
compilation terminated.
configure:3945: $? = 4
configure:3934: gcc -qversion >&5
gcc: error: unrecognized command line option '-qversion'
gcc: fatal error: no input files
compilation terminated.
configure:3945: $? = 4
configure:3949: checking whether we are using the GNU C compiler
configure:3968: gcc -c   conftest.c >&5
configure:3968: $? = 0
configure:3977: result: yes
configure:3986: checking whether gcc accepts -g
configure:4006: gcc -c -g  conftest.c >&5
configure:4006: $? = 0
configure:4047: result: yes
configure:4064: checking for gcc option to accept ISO C89
configure:4127: gcc  -c -g -O2  conftest.c >&5
configure:4127: $? = 0
configure:4140: result: none needed
configure:4165: checking whether gcc understands -c and -o together
configure:4187: gcc -c conftest.c -o conftest2.o
configure:4190: $? = 0
configure:4187: gcc -c conftest.c -o conftest2.o
configure:4190: $? = 0
configure:4202: result: yes
configure:4221: checking dependency style of gcc
configure:4332: result: gcc3
configure:4351: checking for bison
configure:4367: found /usr/bin/bison
configure:4378: result: bison -y
configure:4399: checking how to run the C preprocessor
configure:4430: gcc -E  conftest.c
configure:4430: $? = 0
configure:4444: gcc -E  conftest.c
conftest.c:11:28: fatal error: ac_nonexistent.h: No such file or directory
 #include <ac_nonexistent.h>
                            ^
compilation terminated.
configure:4444: $? = 1
configure: failed program was:
| /* confdefs.h */
| #define PACKAGE_NAME "testABEFHE"
| #define PACKAGE_TARNAME "testabefhe"
| #define PACKAGE_VERSION "1.0"
| #define PACKAGE_STRING "testABEFHE 1.0"
| #define PACKAGE_BUGREPORT "youdao5657@163.com"
| #define PACKAGE_URL ""
| #define PACKAGE "testABEFHE"
| #define VERSION "1.0"
| /* end confdefs.h.  */
| #include <ac_nonexistent.h>
configure:4469: result: gcc -E
configure:4489: gcc -E  conftest.c
configure:4489: $? = 0
configure:4503: gcc -E  conftest.c
conftest.c:11:28: fatal error: ac_nonexistent.h: No such file or directory
 #include <ac_nonexistent.h>
                            ^
compilation terminated.
configure:4503: $? = 1
configure: failed program was:
| /* confdefs.h */
| #define PACKAGE_NAME "testABEFHE"
| #define PACKAGE_TARNAME "testabefhe"
| #define PACKAGE_VERSION "1.0"
| #define PACKAGE_STRING "testABEFHE 1.0"
| #define PACKAGE_BUGREPORT "youdao5657@163.com"
| #define PACKAGE_URL ""
| #define PACKAGE "testABEFHE"
| #define VERSION "1.0"
| /* end confdefs.h.  */
| #include <ac_nonexistent.h>
configure:4532: checking for grep that handles long lines and -e
configure:4590: result: /bin/grep
configure:4595: checking for egrep
configure:4657: result: /bin/grep -E
configure:4662: checking for ANSI C header files
configure:4682: gcc -c -g -O2  conftest.c >&5
configure:4682: $? = 0
configure:4755: gcc -o conftest -g -O2   conftest.c  >&5
configure:4755: $? = 0
configure:4755: ./conftest
configure:4755: $? = 0
configure:4766: result: yes
configure:4779: checking for sys/types.h
configure:4779: gcc -c -g -O2  conftest.c >&5
configure:4779: $? = 0
configure:4779: result: yes
configure:4779: checking for sys/stat.h
configure:4779: gcc -c -g -O2  conftest.c >&5
configure:4779: $? = 0
configure:4779: result: yes
configure:4779: checking for stdlib.h
configure:4779: gcc -c -g -O2  conftest.c >&5
configure:4779: $? = 0
configure:4779: result: yes
configure:4779: checking for string.h
configure:4779: gcc -c -g -O2  conftest.c >&5
configure:4779: $? = 0
configure:4779: result: yes
configure:4779: checking for memory.h
configure:4779: gcc -c -g -O2  conftest.c >&5
configure:4779: $? = 0
configure:4779: result: yes
configure:4779: checking for strings.h
configure:4779: gcc -c -g -O2  conftest.c >&5
configure:4779: $? = 0
configure:4779: result: yes
configure:4779: checking for inttypes.h
configure:4779: gcc -c -g -O2  conftest.c >&5
configure:4779: $? = 0
configure:4779: result: yes
configure:4779: checking for stdint.h
configure:4779: gcc -c -g -O2  conftest.c >&5
configure:4779: $? = 0
configure:4779: result: yes
configure:4779: checking for unistd.h
configure:4779: gcc -c -g -O2  conftest.c >&5
configure:4779: $? = 0
configure:4779: result: yes
configure:4794: checking for stdint.h
configure:4794: result: yes
configure:4794: checking for stdlib.h
configure:4794: result: yes
configure:4794: checking for string.h
configure:4794: result: yes
configure:4794: checking for unistd.h
configure:4794: result: yes
configure:4806: checking for stdbool.h that conforms to C99
configure:4873: gcc -c -g -O2  conftest.c >&5
configure:4873: $? = 0
configure:4880: result: yes
configure:4882: checking for _Bool
configure:4882: gcc -c -g -O2  conftest.c >&5
configure:4882: $? = 0
configure:4882: gcc -c -g -O2  conftest.c >&5
conftest.c: In function 'main':
conftest.c:61:20: error: expected expression before ')' token
 if (sizeof ((_Bool)))
                    ^
configure:4882: $? = 1
configure: failed program was:
| /* confdefs.h */
| #define PACKAGE_NAME "testABEFHE"
| #define PACKAGE_TARNAME "testabefhe"
| #define PACKAGE_VERSION "1.0"
| #define PACKAGE_STRING "testABEFHE 1.0"
| #define PACKAGE_BUGREPORT "youdao5657@163.com"
| #define PACKAGE_URL ""
| #define PACKAGE "testABEFHE"
| #define VERSION "1.0"
| #define STDC_HEADERS 1
| #define HAVE_SYS_TYPES_H 1
| #define HAVE_SYS_STAT_H 1
| #define HAVE_STDLIB_H 1
| #define HAVE_STRING_H 1
| #define HAVE_MEMORY_H 1
| #define HAVE_STRINGS_H 1
| #define HAVE_INTTYPES_H 1
| #define HAVE_STDINT_H 1
| #define HAVE_UNISTD_H 1
| #define HAVE_STDINT_H 1
| #define HAVE_STDLIB_H 1
| #define HAVE_STRING_H 1
| #define HAVE_UNISTD_H 1
| /* end confdefs.h.  */
| #include <stdio.h>
| #ifdef HAVE_SYS_TYPES_H
| # include <sys/types.h>
| #endif
| #ifdef HAVE_SYS_STAT_H
| # include <sys/stat.h>
| #endif
| #ifdef STDC_HEADERS
| # include <stdlib.h>
| # include <stddef.h>
| #else
| # ifdef HAVE_STDLIB_H
| #  include <stdlib.h>
| # endif
| #endif
| #ifdef HAVE_STRING_H
| # if !defined STDC_HEADERS && defined HAVE_MEMORY_H
| #  include <memory.h>
| # endif
| # include <string.h>
| #endif
| #ifdef HAVE_STRINGS_H
| # include <strings.h>
| #endif
| #ifdef HAVE_INTTYPES_H
| # include <inttypes.h>
| #endif
| #ifdef HAVE_STDINT_H
| # include <stdint.h>
| #endif
| #ifdef HAVE_UNISTD_H
| # include <unistd.h>
| #endif
| int
| main ()
| {
| if (sizeof ((_Bool)))
| 	    return 0;
|   ;
|   return 0;
| }
configure:4882: result: yes
configure:4893: checking for inline
configure:4909: gcc -c -g -O2  conftest.c >&5
configure:4909: $? = 0
configure:4917: result: inline
configure:4935: checking for uint32_t
configure:4935: gcc -c -g -O2  conftest.c >&5
configure:4935: $? = 0
configure:4935: result: yes
configure:4953: checking for stdlib.h
configure:4953: result: yes
configure:4963: checking for GNU libc compatible malloc
configure:4987: gcc -o conftest -g -O2   conftest.c  >&5
configure:4987: $? = 0
configure:4987: ./conftest
configure:4987: $? = 0
configure:4997: result: yes
configure:5021: checking for floor
configure:5021: gcc -o conftest -g -O2   conftest.c  >&5
conftest.c:51:6: warning: conflicting types for built-in function 'floor' [enabled by default]
 char floor ();
      ^
/tmp/cc0dIz7w.o: In function `main':
/home/cainiao/桌面/Projects/abfhe_1_2/conftest.c:62: undefined reference to `floor'
collect2: error: ld returned 1 exit status
configure:5021: $? = 1
configure: failed program was:
| /* confdefs.h */
| #define PACKAGE_NAME "testABEFHE"
| #define PACKAGE_TARNAME "testabefhe"
| #define PACKAGE_VERSION "1.0"
| #define PACKAGE_STRING "testABEFHE 1.0"
| #define PACKAGE_BUGREPORT "youdao5657@163.com"
| #define PACKAGE_URL ""
| #define PACKAGE "testABEFHE"
| #define VERSION "1.0"
| #define STDC_HEADERS 1
| #define HAVE_SYS_TYPES_H 1
| #define HAVE_SYS_STAT_H 1
| #define HAVE_STDLIB_H 1
| #define HAVE_STRING_H 1
| #define HAVE_MEMORY_H 1
| #define HAVE_STRINGS_H 1
| #define HAVE_INTTYPES_H 1
| #define HAVE_STDINT_H 1
| #define HAVE_UNISTD_H 1
| #define HAVE_STDINT_H 1
| #define HAVE_STDLIB_H 1
| #define HAVE_STRING_H 1
| #define HAVE_UNISTD_H 1
| #define HAVE__BOOL 1
| #define HAVE_STDLIB_H 1
| #define HAVE_MALLOC 1
| /* end confdefs.h.  */
| /* Define floor to an innocuous variant, in case <limits.h> declares floor.
|    For example, HP-UX 11i <limits.h> declares gettimeofday.  */
| #define floor innocuous_floor
| 
| /* System header to define __stub macros and hopefully few prototypes,
|     which can conflict with char floor (); below.
|     Prefer <limits.h> to <assert.h> if __STDC__ is defined, since
|     <limits.h> exists even on freestanding compilers.  */
| 
| #ifdef __STDC__
| # include <limits.h>
| #else
| # include <assert.h>
| #endif
| 
| #undef floor
| 
| /* Override any GCC internal prototype to avoid an error.
|    Use char because int might match the return type of a GCC
|    builtin and then its argument prototype would still apply.  */
| #ifdef __cplusplus
| extern "C"
| #endif
| char floor ();
| /* The GNU C library defines this for functions which it implements
|     to always fail with ENOSYS.  Some functions are actually named
|     something starting with __ and the normal name is an alias.  */
| #if defined __stub_floor || defined __stub___floor
| choke me
| #endif
| 
| int
| main ()
| {
| return floor ();
|   ;
|   return 0;
| }
configure:5021: result: no
configure:5021: checking for memset
configure:5021: gcc -o conftest -g -O2   conftest.c  >&5
conftest.c:51:6: warning: conflicting types for built-in function 'memset' [enabled by default]
 char memset ();
      ^
configure:5021: $? = 0
configure:5021: result: yes
configure:5021: checking for sqrt
configure:5021: gcc -o conftest -g -O2   conftest.c  >&5
conftest.c:52:6: warning: conflicting types for built-in function 'sqrt' [enabled by default]
 char sqrt ();
      ^
/tmp/ccLlnuKa.o: In function `main':
/home/cainiao/桌面/Projects/abfhe_1_2/conftest.c:63: undefined reference to `sqrt'
collect2: error: ld returned 1 exit status
configure:5021: $? = 1
configure: failed program was:
| /* confdefs.h */
| #define PACKAGE_NAME "testABEFHE"
| #define PACKAGE_TARNAME "testabefhe"
| #define PACKAGE_VERSION "1.0"
| #define PACKAGE_STRING "testABEFHE 1.0"
| #define PACKAGE_BUGREPORT "youdao5657@163.com"
| #define PACKAGE_URL ""
| #define PACKAGE "testABEFHE"
| #define VERSION "1.0"
| #define STDC_HEADERS 1
| #define HAVE_SYS_TYPES_H 1
| #define HAVE_SYS_STAT_H 1
| #define HAVE_STDLIB_H 1
| #define HAVE_STRING_H 1
| #define HAVE_MEMORY_H 1
| #define HAVE_STRINGS_H 1
| #define HAVE_INTTYPES_H 1
| #define HAVE_STDINT_H 1
| #define HAVE_UNISTD_H 1
| #define HAVE_STDINT_H 1
| #define HAVE_STDLIB_H 1
| #define HAVE_STRING_H 1
| #define HAVE_UNISTD_H 1
| #define HAVE__BOOL 1
| #define HAVE_STDLIB_H 1
| #define HAVE_MALLOC 1
| #define HAVE_MEMSET 1
| /* end confdefs.h.  */
| /* Define sqrt to an innocuous variant, in case <limits.h> declares sqrt.
|    For example, HP-UX 11i <limits.h> declares gettimeofday.  */
| #define sqrt innocuous_sqrt
| 
| /* System header to define __stub macros and hopefully few prototypes,
|     which can conflict with char sqrt (); below.
|     Prefer <limits.h> to <assert.h> if __STDC__ is defined, since
|     <limits.h> exists even on freestanding compilers.  */
| 
| #ifdef __STDC__
| # include <limits.h>
| #else
| # include <assert.h>
| #endif
| 
| #undef sqrt
| 
| /* Override any GCC internal prototype to avoid an error.
|    Use char because int might match the return type of a GCC
|    builtin and then its argument prototype would still apply.  */
| #ifdef __cplusplus
| extern "C"
| #endif
| char sqrt ();
| /* The GNU C library defines this for functions which it implements
|     to always fail with ENOSYS.  Some functions are actually named
|     something starting with __ and the normal name is an alias.  */
| #if defined __stub_sqrt || defined __stub___sqrt
| choke me
| #endif
| 
| int
| main ()
| {
| return sqrt ();
|   ;
|   return 0;
| }
configure:5021: result: no
configure:5021: checking for strdup
configure:5021: gcc -o conftest -g -O2   conftest.c  >&5
conftest.c:52:6: warning: conflicting types for built-in function 'strdup' [enabled by default]
 char strdup ();
      ^
configure:5021: $? = 0
configure:5021: result: yes
configure:5142: checking that generated files are newer than configure
configure:5148: result: done
configure:5175: creating ./config.status

## ---------------------- ##
## Running config.status. ##
## ---------------------- ##

This file was extended by testABEFHE config.status 1.0, which was
generated by GNU Autoconf 2.69.  Invocation command line was

  CONFIG_FILES    = 
  CONFIG_HEADERS  = 
  CONFIG_LINKS    = 
  CONFIG_COMMANDS = 
  $ ./config.status 

on cainiao-virtual-machine

config.status:869: creating makefile
config.status:869: creating config.h
config.status:1050: config.h is unchanged
config.status:1098: executing depfiles commands

## ---------------- ##
## Cache variables. ##
## ---------------- ##

ac_cv_c_compiler_gnu=yes
ac_cv_c_inline=inline
ac_cv_c_uint32_t=yes
ac_cv_cxx_compiler_gnu=yes
ac_cv_env_CCC_set=
ac_cv_env_CCC_value=
ac_cv_env_CC_set=
ac_cv_env_CC_value=
ac_cv_env_CFLAGS_set=
ac_cv_env_CFLAGS_value=
ac_cv_env_CPPFLAGS_set=
ac_cv_env_CPPFLAGS_value=
ac_cv_env_CPP_set=
ac_cv_env_CPP_value=
ac_cv_env_CXXFLAGS_set=
ac_cv_env_CXXFLAGS_value=
ac_cv_env_CXX_set=
ac_cv_env_CXX_value=
ac_cv_env_LDFLAGS_set=
ac_cv_env_LDFLAGS_value=
ac_cv_env_LIBS_set=
ac_cv_env_LIBS_value=
ac_cv_env_YACC_set=
ac_cv_env_YACC_value=
ac_cv_env_YFLAGS_set=
ac_cv_env_YFLAGS_value=
ac_cv_env_build_alias_set=
ac_cv_env_build_alias_value=
ac_cv_env_host_alias_set=
ac_cv_env_host_alias_value=
ac_cv_env_target_alias_set=
ac_cv_env_target_alias_value=
ac_cv_func_floor=no
ac_cv_func_malloc_0_nonnull=yes
ac_cv_func_memset=yes
ac_cv_func_sqrt=no
ac_cv_func_strdup=yes
ac_cv_header_inttypes_h=yes
ac_cv_header_memory_h=yes
ac_cv_header_stdbool_h=yes
ac_cv_header_stdc=yes
ac_cv_header_stdint_h=yes
ac_cv_header_stdlib_h=yes
ac_cv_header_string_h=yes
ac_cv_header_strings_h=yes
ac_cv_header_sys_stat_h=yes
ac_cv_header_sys_types_h=yes
ac_cv_header_unistd_h=yes
ac_cv_objext=o
ac_cv_path_EGREP='/bin/grep -E'
ac_cv_path_GREP=/bin/grep
ac_cv_path_install='/usr/bin/install -c'
ac_cv_path_mkdir=/bin/mkdir
ac_cv_prog_AWK=mawk
ac_cv_prog_CPP='gcc -E'
ac_cv_prog_YACC='bison -y'
ac_cv_prog_ac_ct_CC=gcc
ac_cv_prog_ac_ct_CXX=g++
ac_cv_prog_cc_c89=
ac_cv_prog_cc_g=yes
ac_cv_prog_cxx_g=yes
ac_cv_prog_make_make_set=yes
ac_cv_type__Bool=yes
am_cv_CC_dependencies_compiler_type=gcc3
am_cv_CXX_dependencies_compiler_type=gcc3
am_cv_make_support_nested_variables=yes
am_cv_prog_cc_c_o=yes

## ----------------- ##
## Output variables. ##
## ----------------- ##

ACLOCAL='${SHELL} /home/cainiao/桌面/Projects/abfhe_1_2/missing aclocal-1.14'
AMDEPBACKSLASH='\'
AMDEP_FALSE='#'
AMDEP_TRUE=''
AMTAR='$${TAR-tar}'
AM_BACKSLASH='\'
AM_DEFAULT_V='$(AM_DEFAULT_VERBOSITY)'
AM_DEFAULT_VERBOSITY='1'
AM_V='$(V)'
AUTOCONF='${SHELL} /home/cainiao/桌面/Projects/abfhe_1_2/missing autoconf'
AUTOHEADER='${SHELL} /home/cainiao/桌面/Projects/abfhe_1_2/missing autoheader'
AUTOMAKE='${SHELL} /home/cainiao/桌面/Projects/abfhe_1_2/missing automake-1.14'
AWK='mawk'
CC='gcc'
CCDEPMODE='depmode=gcc3'
CFLAGS='-g -O2'
CPP='gcc -E'
CPPFLAGS=''
CXX='g++'
CXXDEPMODE='depmode=gcc3'
CXXFLAGS='-g -O2'
CYGPATH_W='echo'
DEFS='-DHAVE_CONFIG_H'
DEPDIR='.deps'
ECHO_C=''
ECHO_N='-n'
ECHO_T=''
EGREP='/bin/grep -E'
EXEEXT=''
GREP='/bin/grep'
INSTALL_DATA='${INSTALL} -m 644'
INSTALL_PROGRAM='${INSTALL}'
INSTALL_SCRIPT='${INSTALL}'
INSTALL_STRIP_PROGRAM='$(install_sh) -c -s'
LDFLAGS=''
LIBOBJS=''
LIBS=''
LTLIBOBJS=''
MAKEINFO='${SHELL} /home/cainiao/桌面/Projects/abfhe_1_2/missing makeinfo'
MKDIR_P='/bin/mkdir -p'
OBJEXT='o'
PACKAGE='testABEFHE'
PACKAGE_BUGREPORT='youdao5657@163.com'
PACKAGE_NAME='testABEFHE'
PACKAGE_STRING='testABEFHE 1.0'
PACKAGE_TARNAME='testabefhe'
PACKAGE_URL=''
PACKAGE_VERSION='1.0'
PATH_SEPARATOR=':'
SET_MAKE=''
SHELL='/bin/bash'
STRIP=''
VERSION='1.0'
YACC='bison -y'
YFLAGS=''
ac_ct_CC='gcc'
ac_ct_CXX='g++'
am__EXEEXT_FALSE=''
am__EXEEXT_TRUE='#'
am__fastdepCC_FALSE='#'
am__fastdepCC_TRUE=''
am__fastdepCXX_FALSE='#'
am__fastdepCXX_TRUE=''
am__include='include'
am__isrc=''
am__leading_dot='.'
am__nodep='_no'
am__quote=''
am__tar='$${TAR-tar} chof - "$$tardir"'
am__untar='$${TAR-tar} xf -'
bindir='${exec_prefix}/bin'
build_alias=''
datadir='${datarootdir}'
datarootdir='${prefix}/share'
docdir='${datarootdir}/doc/${PACKAGE_TARNAME}'
dvidir='${docdir}'
exec_prefix='${prefix}'
host_alias=''
htmldir='${docdir}'
includedir='${prefix}/include'
infodir='${datarootdir}/info'
install_sh='${SHELL} /home/cainiao/桌面/Projects/abfhe_1_2/install-sh'
libdir='${exec_prefix}/lib'
libexecdir='${exec_prefix}/libexec'
localedir='${datarootdir}/locale'
localstatedir='${prefix}/var'
mandir='${datarootdir}/man'
mkdir_p='$(MKDIR_P)'
oldincludedir='/usr/include'
pdfdir='${docdir}'
prefix='/usr/local'
program_transform_name='s,x,x,'
psdir='${docdir}'
sbindir='${exec_prefix}/sbin'
sharedstatedir='${prefix}/com'
sysconfdir='${prefix}/etc'
target_alias=''

## ----------- ##
## confdefs.h. ##
## ----------- ##

/* confdefs.h */
#define PACKAGE_NAME "testABEFHE"
#define PACKAGE_TARNAME "testabefhe"
#define PACKAGE_VERSION "1.0"
#define PACKAGE_STRING "testABEFHE 1.0"
#define PACKAGE_BUGREPORT "youdao5657@163.com"
#define PACKAGE_URL ""
#define PACKAGE "testABEFHE"
#define VERSION "1.0"
#define STDC_HEADERS 1
#define HAVE_SYS_TYPES_H 1
#define HAVE_SYS_STAT_H 1
#define HAVE_STDLIB_H 1
#define HAVE_STRING_H 1
#define HAVE_MEMORY_H 1
#define HAVE_STRINGS_H 1
#define HAVE_INTTYPES_H 1
#define HAVE_STDINT_H 1
#define HAVE_UNISTD_H 1
#define HAVE_STDINT_H 1
#define HAVE_STDLIB_H 1
#define HAVE_STRING_H 1
#define HAVE_UNISTD_H 1
#define HAVE__BOOL 1
#define HAVE_STDLIB_H 1
#define HAVE_MALLOC 1
#define HAVE_MEMSET 1
#define HAVE_STRDUP 1

configure: exit 0
